# JRE version: OpenJDK Runtime Environment Temurin-17.0.8.1+1 (17.0.8.1+1) (build 17.0.8.1+1)
# Java VM: OpenJDK 64-Bit Server VM Temurin-17.0.8.1+1 (17.0.8.1+1, mixed mode, tiered, compressed oops, compressed class ptrs, parallel gc, linux-amd64)
GC Precious Log:
 CPUs: 8 total, 8 available
 Memory: 7748M
 Large Page Support: Disabled
 NUMA Support: Disabled
 Compressed Oops: Enabled (32-bit)
 Alignments: Space 512K, Generation 512K, Heap 2M
 Heap Min Capacity: 100M
 Heap Initial Capacity: 100M
 Heap Max Capacity: 1G
 Pre-touch: Disabled
 Parallel Workers: 8
Heap:
 PSYoungGen      total 22016K, used 4856K [0x00000000eab00000, 0x00000000ec300000, 0x0000000100000000)
  eden space 21504K, 20% used [0x00000000eab00000,0x00000000eaf5e360,0x00000000ec000000)
  from space 512K, 75% used [0x00000000ec000000,0x00000000ec060000,0x00000000ec080000)
  to   space 1024K, 0% used [0x00000000ec200000,0x00000000ec200000,0x00000000ec300000)
 ParOldGen       total 68608K, used 24744K [0x00000000c0000000, 0x00000000c4300000, 0x00000000eab00000)
  object space 68608K, 36% used [0x00000000c0000000,0x00000000c182a360,0x00000000c4300000)
 Metaspace       used 39822K, committed 40512K, reserved 1114112K
  class space    used 4132K, committed 4480K, reserved 1048576K
GC Heap History (20 events):
Event: 2.002 GC heap after
{Heap after GC invocations=7 (full 1):
 PSYoungGen      total 25600K, used 957K [0x00000000eab00000, 0x00000000ec700000, 0x0000000100000000)
  eden space 24576K, 0% used [0x00000000eab00000,0x00000000eab00000,0x00000000ec300000)
  from space 1024K, 93% used [0x00000000ec600000,0x00000000ec6ef4c8,0x00000000ec700000)
  to   space 1536K, 0% used [0x00000000ec400000,0x00000000ec400000,0x00000000ec580000)
 ParOldGen       total 68608K, used 7034K [0x00000000c0000000, 0x00000000c4300000, 0x00000000eab00000)
  object space 68608K, 10% used [0x00000000c0000000,0x00000000c06de810,0x00000000c4300000)
 Metaspace       used 27566K, committed 28096K, reserved 1114112K
  class space    used 2691K, committed 2944K, reserved 1048576K
}
Event: 2.777 GC heap before
{Heap before GC invocations=8 (full 1):
 PSYoungGen      total 25600K, used 25533K [0x00000000eab00000, 0x00000000ec700000, 0x0000000100000000)
  eden space 24576K, 100% used [0x00000000eab00000,0x00000000ec300000,0x00000000ec300000)
  from space 1024K, 93% used [0x00000000ec600000,0x00000000ec6ef4c8,0x00000000ec700000)
  to   space 1536K, 0% used [0x00000000ec400000,0x00000000ec400000,0x00000000ec580000)
 ParOldGen       total 68608K, used 7034K [0x00000000c0000000, 0x00000000c4300000, 0x00000000eab00000)
  object space 68608K, 10% used [0x00000000c0000000,0x00000000c06de810,0x00000000c4300000)
 Metaspace       used 31857K, committed 32576K, reserved 1114112K
  class space    used 3183K, committed 3456K, reserved 1048576K
}
Event: 2.780 GC heap after
{Heap after GC invocations=8 (full 1):
 PSYoungGen      total 25600K, used 1527K [0x00000000eab00000, 0x00000000ec980000, 0x0000000100000000)
  eden space 24064K, 0% used [0x00000000eab00000,0x00000000eab00000,0x00000000ec280000)
  from space 1536K, 99% used [0x00000000ec400000,0x00000000ec57dc28,0x00000000ec580000)
  to   space 3584K, 0% used [0x00000000ec600000,0x00000000ec600000,0x00000000ec980000)
 ParOldGen       total 68608K, used 8369K [0x00000000c0000000, 0x00000000c4300000, 0x00000000eab00000)
  object space 68608K, 12% used [0x00000000c0000000,0x00000000c082c408,0x00000000c4300000)
 Metaspace       used 31857K, committed 32576K, reserved 1114112K
  class space    used 3183K, committed 3456K, reserved 1048576K
}
Event: 3.014 GC heap before
{Heap before GC invocations=9 (full 1):
 PSYoungGen      total 25600K, used 20512K [0x00000000eab00000, 0x00000000ec980000, 0x0000000100000000)
  eden space 24064K, 78% used [0x00000000eab00000,0x00000000ebd8a670,0x00000000ec280000)
  from space 1536K, 99% used [0x00000000ec400000,0x00000000ec57dc28,0x00000000ec580000)
  to   space 3584K, 0% used [0x00000000ec600000,0x00000000ec600000,0x00000000ec980000)
 ParOldGen       total 68608K, used 8369K [0x00000000c0000000, 0x00000000c4300000, 0x00000000eab00000)
  object space 68608K, 12% used [0x00000000c0000000,0x00000000c082c408,0x00000000c4300000)
 Metaspace       used 35123K, committed 35840K, reserved 1114112K
  class space    used 3589K, committed 3904K, reserved 1048576K
}
Event: 3.016 GC heap after
{Heap after GC invocations=9 (full 1):
 PSYoungGen      total 27648K, used 3012K [0x00000000eab00000, 0x00000000ec980000, 0x0000000100000000)
  eden space 24064K, 0% used [0x00000000eab00000,0x00000000eab00000,0x00000000ec280000)
  from space 3584K, 84% used [0x00000000ec600000,0x00000000ec8f1288,0x00000000ec980000)
  to   space 3584K, 0% used [0x00000000ec280000,0x00000000ec280000,0x00000000ec600000)
 ParOldGen       total 68608K, used 8377K [0x00000000c0000000, 0x00000000c4300000, 0x00000000eab00000)
  object space 68608K, 12% used [0x00000000c0000000,0x00000000c082e408,0x00000000c4300000)
 Metaspace       used 35123K, committed 35840K, reserved 1114112K
  class space    used 3589K, committed 3904K, reserved 1048576K
}
Event: 3.016 GC heap before
{Heap before GC invocations=10 (full 2):
 PSYoungGen      total 27648K, used 3012K [0x00000000eab00000, 0x00000000ec980000, 0x0000000100000000)
  eden space 24064K, 0% used [0x00000000eab00000,0x00000000eab00000,0x00000000ec280000)
  from space 3584K, 84% used [0x00000000ec600000,0x00000000ec8f1288,0x00000000ec980000)
  to   space 3584K, 0% used [0x00000000ec280000,0x00000000ec280000,0x00000000ec600000)
 ParOldGen       total 68608K, used 8377K [0x00000000c0000000, 0x00000000c4300000, 0x00000000eab00000)
  object space 68608K, 12% used [0x00000000c0000000,0x00000000c082e408,0x00000000c4300000)
 Metaspace       used 35123K, committed 35840K, reserved 1114112K
  class space    used 3589K, committed 3904K, reserved 1048576K
}
Event: 3.042 GC heap after
{Heap after GC invocations=10 (full 2):
 PSYoungGen      total 27648K, used 0K [0x00000000eab00000, 0x00000000ec980000, 0x0000000100000000)
  eden space 24064K, 0% used [0x00000000eab00000,0x00000000eab00000,0x00000000ec280000)
  from space 3584K, 0% used [0x00000000ec600000,0x00000000ec600000,0x00000000ec980000)
  to   space 3584K, 0% used [0x00000000ec280000,0x00000000ec280000,0x00000000ec600000)
 ParOldGen       total 68608K, used 11029K [0x00000000c0000000, 0x00000000c4300000, 0x00000000eab00000)
  object space 68608K, 16% used [0x00000000c0000000,0x00000000c0ac5758,0x00000000c4300000)
 Metaspace       used 35123K, committed 35840K, reserved 1114112K
  class space    used 3589K, committed 3904K, reserved 1048576K
}
Event: 3.242 GC heap before
{Heap before GC invocations=11 (full 2):
 PSYoungGen      total 27648K, used 24064K [0x00000000eab00000, 0x00000000ec980000, 0x0000000100000000)
  eden space 24064K, 100% used [0x00000000eab00000,0x00000000ec280000,0x00000000ec280000)
  from space 3584K, 0% used [0x00000000ec600000,0x00000000ec600000,0x00000000ec980000)
  to   space 3584K, 0% used [0x00000000ec280000,0x00000000ec280000,0x00000000ec600000)
 ParOldGen       total 68608K, used 11029K [0x00000000c0000000, 0x00000000c4300000, 0x00000000eab00000)
  object space 68608K, 16% used [0x00000000c0000000,0x00000000c0ac5758,0x00000000c4300000)
 Metaspace       used 36043K, committed 36800K, reserved 1114112K
  class space    used 3693K, committed 4032K, reserved 1048576K
}
Event: 3.244 GC heap after
{Heap after GC invocations=11 (full 2):
 PSYoungGen      total 26112K, used 2432K [0x00000000eab00000, 0x00000000ec800000, 0x0000000100000000)
  eden space 23552K, 0% used [0x00000000eab00000,0x00000000eab00000,0x00000000ec200000)
  from space 2560K, 95% used [0x00000000ec280000,0x00000000ec4e0020,0x00000000ec500000)
  to   space 3072K, 0% used [0x00000000ec500000,0x00000000ec500000,0x00000000ec800000)
 ParOldGen       total 68608K, used 11037K [0x00000000c0000000, 0x00000000c4300000, 0x00000000eab00000)
  object space 68608K, 16% used [0x00000000c0000000,0x00000000c0ac7758,0x00000000c4300000)
 Metaspace       used 36043K, committed 36800K, reserved 1114112K
  class space    used 3693K, committed 4032K, reserved 1048576K
}
Event: 3.336 GC heap before
{Heap before GC invocations=12 (full 2):
 PSYoungGen      total 26112K, used 25984K [0x00000000eab00000, 0x00000000ec800000, 0x0000000100000000)
  eden space 23552K, 100% used [0x00000000eab00000,0x00000000ec200000,0x00000000ec200000)
  from space 2560K, 95% used [0x00000000ec280000,0x00000000ec4e0020,0x00000000ec500000)
  to   space 3072K, 0% used [0x00000000ec500000,0x00000000ec500000,0x00000000ec800000)
 ParOldGen       total 68608K, used 11037K [0x00000000c0000000, 0x00000000c4300000, 0x00000000eab00000)
  object space 68608K, 16% used [0x00000000c0000000,0x00000000c0ac7758,0x00000000c4300000)
 Metaspace       used 36116K, committed 36864K, reserved 1114112K
  class space    used 3695K, committed 4032K, reserved 1048576K
}
Event: 3.341 GC heap after
{Heap after GC invocations=12 (full 2):
 PSYoungGen      total 24576K, used 3040K [0x00000000eab00000, 0x00000000ecb80000, 0x0000000100000000)
  eden space 21504K, 0% used [0x00000000eab00000,0x00000000eab00000,0x00000000ec000000)
  from space 3072K, 98% used [0x00000000ec500000,0x00000000ec7f8020,0x00000000ec800000)
  to   space 5120K, 0% used [0x00000000ec000000,0x00000000ec000000,0x00000000ec500000)
 ParOldGen       total 68608K, used 12653K [0x00000000c0000000, 0x00000000c4300000, 0x00000000eab00000)
  object space 68608K, 18% used [0x00000000c0000000,0x00000000c0c5b758,0x00000000c4300000)
 Metaspace       used 36116K, committed 36864K, reserved 1114112K
  class space    used 3695K, committed 4032K, reserved 1048576K
}
Event: 3.392 GC heap before
{Heap before GC invocations=13 (full 2):
 PSYoungGen      total 24576K, used 24544K [0x00000000eab00000, 0x00000000ecb80000, 0x0000000100000000)
  eden space 21504K, 100% used [0x00000000eab00000,0x00000000ec000000,0x00000000ec000000)
  from space 3072K, 98% used [0x00000000ec500000,0x00000000ec7f8020,0x00000000ec800000)
  to   space 5120K, 0% used [0x00000000ec000000,0x00000000ec000000,0x00000000ec500000)
 ParOldGen       total 68608K, used 12653K [0x00000000c0000000, 0x00000000c4300000, 0x00000000eab00000)
  object space 68608K, 18% used [0x00000000c0000000,0x00000000c0c5b758,0x00000000c4300000)
 Metaspace       used 36182K, committed 36928K, reserved 1114112K
  class space    used 3708K, committed 4032K, reserved 1048576K
}
Event: 3.396 GC heap after
{Heap after GC invocations=13 (full 2):
 PSYoungGen      total 24576K, used 2720K [0x00000000eab00000, 0x00000000ec700000, 0x0000000100000000)
  eden space 21504K, 0% used [0x00000000eab00000,0x00000000eab00000,0x00000000ec000000)
  from space 3072K, 88% used [0x00000000ec000000,0x00000000ec2a8010,0x00000000ec300000)
  to   space 3584K, 0% used [0x00000000ec380000,0x00000000ec380000,0x00000000ec700000)
 ParOldGen       total 68608K, used 15642K [0x00000000c0000000, 0x00000000c4300000, 0x00000000eab00000)
  object space 68608K, 22% used [0x00000000c0000000,0x00000000c0f46ae0,0x00000000c4300000)
 Metaspace       used 36182K, committed 36928K, reserved 1114112K
  class space    used 3708K, committed 4032K, reserved 1048576K
}
Event: 3.433 GC heap before
{Heap before GC invocations=14 (full 2):
 PSYoungGen      total 24576K, used 24224K [0x00000000eab00000, 0x00000000ec700000, 0x0000000100000000)
  eden space 21504K, 100% used [0x00000000eab00000,0x00000000ec000000,0x00000000ec000000)
  from space 3072K, 88% used [0x00000000ec000000,0x00000000ec2a8010,0x00000000ec300000)
  to   space 3584K, 0% used [0x00000000ec380000,0x00000000ec380000,0x00000000ec700000)
 ParOldGen       total 68608K, used 15642K [0x00000000c0000000, 0x00000000c4300000, 0x00000000eab00000)
  object space 68608K, 22% used [0x00000000c0000000,0x00000000c0f46ae0,0x00000000c4300000)
 Metaspace       used 36186K, committed 36928K, reserved 1114112K
  class space    used 3708K, committed 4032K, reserved 1048576K
}
Event: 3.440 GC heap after
{Heap after GC invocations=14 (full 2):
 PSYoungGen      total 24576K, used 2720K [0x00000000eab00000, 0x00000000ec680000, 0x0000000100000000)
  eden space 21504K, 0% used [0x00000000eab00000,0x00000000eab00000,0x00000000ec000000)
  from space 3072K, 88% used [0x00000000ec380000,0x00000000ec628010,0x00000000ec680000)
  to   space 3072K, 0% used [0x00000000ec000000,0x00000000ec000000,0x00000000ec300000)
 ParOldGen       total 68608K, used 18238K [0x00000000c0000000, 0x00000000c4300000, 0x00000000eab00000)
  object space 68608K, 26% used [0x00000000c0000000,0x00000000c11cf9b0,0x00000000c4300000)
 Metaspace       used 36186K, committed 36928K, reserved 1114112K
  class space    used 3708K, committed 4032K, reserved 1048576K
}
Event: 3.478 GC heap before
{Heap before GC invocations=15 (full 2):
 PSYoungGen      total 24576K, used 24224K [0x00000000eab00000, 0x00000000ec680000, 0x0000000100000000)
  eden space 21504K, 100% used [0x00000000eab00000,0x00000000ec000000,0x00000000ec000000)
  from space 3072K, 88% used [0x00000000ec380000,0x00000000ec628010,0x00000000ec680000)
  to   space 3072K, 0% used [0x00000000ec000000,0x00000000ec000000,0x00000000ec300000)
 ParOldGen       total 68608K, used 18238K [0x00000000c0000000, 0x00000000c4300000, 0x00000000eab00000)
  object space 68608K, 26% used [0x00000000c0000000,0x00000000c11cf9b0,0x00000000c4300000)
 Metaspace       used 36186K, committed 36928K, reserved 1114112K
  class space    used 3708K, committed 4032K, reserved 1048576K
}
Event: 3.482 GC heap after
{Heap after GC invocations=15 (full 2):
 PSYoungGen      total 24064K, used 2208K [0x00000000eab00000, 0x00000000ec500000, 0x0000000100000000)
  eden space 21504K, 0% used [0x00000000eab00000,0x00000000eab00000,0x00000000ec000000)
  from space 2560K, 86% used [0x00000000ec000000,0x00000000ec228000,0x00000000ec280000)
  to   space 2560K, 0% used [0x00000000ec280000,0x00000000ec280000,0x00000000ec500000)
 ParOldGen       total 68608K, used 20830K [0x00000000c0000000, 0x00000000c4300000, 0x00000000eab00000)
  object space 68608K, 30% used [0x00000000c0000000,0x00000000c14579c0,0x00000000c4300000)
 Metaspace       used 36186K, committed 36928K, reserved 1114112K
  class space    used 3708K, committed 4032K, reserved 1048576K
}
Event: 3.711 GC heap before
{Heap before GC invocations=16 (full 2):
 PSYoungGen      total 24064K, used 23657K [0x00000000eab00000, 0x00000000ec500000, 0x0000000100000000)
  eden space 21504K, 99% used [0x00000000eab00000,0x00000000ebff27e0,0x00000000ec000000)
  from space 2560K, 86% used [0x00000000ec000000,0x00000000ec228000,0x00000000ec280000)
  to   space 2560K, 0% used [0x00000000ec280000,0x00000000ec280000,0x00000000ec500000)
 ParOldGen       total 68608K, used 20830K [0x00000000c0000000, 0x00000000c4300000, 0x00000000eab00000)
  object space 68608K, 30% used [0x00000000c0000000,0x00000000c14579c0,0x00000000c4300000)
 Metaspace       used 38518K, committed 39296K, reserved 1114112K
  class space    used 3981K, committed 4352K, reserved 1048576K
}
Event: 3.716 GC heap after
{Heap after GC invocations=16 (full 2):
 PSYoungGen      total 24064K, used 1960K [0x00000000eab00000, 0x00000000ec500000, 0x0000000100000000)
  eden space 21504K, 0% used [0x00000000eab00000,0x00000000eab00000,0x00000000ec000000)
  from space 2560K, 76% used [0x00000000ec280000,0x00000000ec46a128,0x00000000ec500000)
  to   space 2560K, 0% used [0x00000000ec000000,0x00000000ec000000,0x00000000ec280000)
 ParOldGen       total 68608K, used 22929K [0x00000000c0000000, 0x00000000c4300000, 0x00000000eab00000)
  object space 68608K, 33% used [0x00000000c0000000,0x00000000c1664598,0x00000000c4300000)
 Metaspace       used 38518K, committed 39296K, reserved 1114112K
  class space    used 3981K, committed 4352K, reserved 1048576K
}
Event: 3.863 GC heap before
{Heap before GC invocations=17 (full 2):
 PSYoungGen      total 24064K, used 23457K [0x00000000eab00000, 0x00000000ec500000, 0x0000000100000000)
  eden space 21504K, 99% used [0x00000000eab00000,0x00000000ebffe528,0x00000000ec000000)
  from space 2560K, 76% used [0x00000000ec280000,0x00000000ec46a128,0x00000000ec500000)
  to   space 2560K, 0% used [0x00000000ec000000,0x00000000ec000000,0x00000000ec280000)
 ParOldGen       total 68608K, used 22929K [0x00000000c0000000, 0x00000000c4300000, 0x00000000eab00000)
  object space 68608K, 33% used [0x00000000c0000000,0x00000000c1664598,0x00000000c4300000)
 Metaspace       used 39517K, committed 40192K, reserved 1114112K
  class space    used 4104K, committed 4416K, reserved 1048576K
}

